2021-02-16 08:41:15.869  WARN 12968 --- [main] JpaBaseConfiguration$JpaWebConfiguration : spring.jpa.open-in-view is enabled by default. Therefore, database queries may be performed during view rendering. Explicitly configure spring.jpa.open-in-view to disable this warning
2021-02-16 08:41:16.396  WARN 12968 --- [main] ConfigServletWebServerApplicationContext : Exception encountered during context initialization - cancelling refresh attempt: org.springframework.context.ApplicationContextException: Failed to start bean 'webServerStartStop'; nested exception is org.springframework.boot.web.server.PortInUseException: Port 8080 is already in use
2021-02-16 08:41:16.477 ERROR 12968 --- [main] o.s.b.d.LoggingFailureAnalysisReporter   : 

***************************
APPLICATION FAILED TO START
***************************

Description:

Web server failed to start. Port 8080 was already in use.

Action:

Identify and stop the process that's listening on port 8080 or configure this application to listen on another port.

2021-02-16 08:41:35.694  WARN 6008 --- [main] JpaBaseConfiguration$JpaWebConfiguration : spring.jpa.open-in-view is enabled by default. Therefore, database queries may be performed during view rendering. Explicitly configure spring.jpa.open-in-view to disable this warning
2021-02-16 08:42:55.962 DEBUG 6008 --- [http-nio-8080-exec-1] org.hibernate.SQL                        : select prodotto0_.id as id1_0_, prodotto0_.descrizione as descrizi2_0_, prodotto0_.prezzo as prezzo3_0_ from prodotto prodotto0_
2021-02-16 08:45:40.249 DEBUG 6008 --- [http-nio-8080-exec-3] org.hibernate.SQL                        : select prodotto0_.id as id1_0_, prodotto0_.descrizione as descrizi2_0_, prodotto0_.prezzo as prezzo3_0_ from prodotto prodotto0_
2021-02-16 08:45:43.185 DEBUG 6008 --- [http-nio-8080-exec-4] org.hibernate.SQL                        : select prodotto0_.id as id1_0_, prodotto0_.descrizione as descrizi2_0_, prodotto0_.prezzo as prezzo3_0_ from prodotto prodotto0_
2021-02-16 08:47:09.855 DEBUG 6008 --- [http-nio-8080-exec-6] org.hibernate.SQL                        : select prodotto0_.id as id1_0_, prodotto0_.descrizione as descrizi2_0_, prodotto0_.prezzo as prezzo3_0_ from prodotto prodotto0_
2021-02-16 08:47:19.267 DEBUG 6008 --- [http-nio-8080-exec-7] org.hibernate.SQL                        : select prodotto0_.id as id1_0_, prodotto0_.descrizione as descrizi2_0_, prodotto0_.prezzo as prezzo3_0_ from prodotto prodotto0_
2021-02-16 08:49:26.597  WARN 15964 --- [main] JpaBaseConfiguration$JpaWebConfiguration : spring.jpa.open-in-view is enabled by default. Therefore, database queries may be performed during view rendering. Explicitly configure spring.jpa.open-in-view to disable this warning
2021-02-16 08:53:13.630  WARN 6180 --- [main] JpaBaseConfiguration$JpaWebConfiguration : spring.jpa.open-in-view is enabled by default. Therefore, database queries may be performed during view rendering. Explicitly configure spring.jpa.open-in-view to disable this warning
2021-02-16 08:53:56.268 DEBUG 6180 --- [http-nio-8080-exec-1] org.hibernate.SQL                        : select prodotto0_.id as id1_0_, prodotto0_.descrizione as descrizi2_0_, prodotto0_.prezzo as prezzo3_0_ from prodotto prodotto0_
2021-02-16 08:54:09.385 DEBUG 6180 --- [http-nio-8080-exec-3] org.hibernate.SQL                        : select next_val as id_val from hibernate_sequence for update
2021-02-16 08:54:09.387 DEBUG 6180 --- [http-nio-8080-exec-3] org.hibernate.SQL                        : update hibernate_sequence set next_val= ? where next_val=?
2021-02-16 08:54:09.418 DEBUG 6180 --- [http-nio-8080-exec-3] org.hibernate.SQL                        : insert into prodotto (descrizione, prezzo, id) values (?, ?, ?)
2021-02-16 08:54:09.421 TRACE 6180 --- [http-nio-8080-exec-3] o.h.type.descriptor.sql.BasicBinder      : binding parameter [1] as [VARCHAR] - [latte]
2021-02-16 08:54:09.423 TRACE 6180 --- [http-nio-8080-exec-3] o.h.type.descriptor.sql.BasicBinder      : binding parameter [2] as [DOUBLE] - [0.9]
2021-02-16 08:54:09.424 TRACE 6180 --- [http-nio-8080-exec-3] o.h.type.descriptor.sql.BasicBinder      : binding parameter [3] as [BIGINT] - [23]
2021-02-16 08:54:09.432 DEBUG 6180 --- [http-nio-8080-exec-3] org.hibernate.SQL                        : select prodotto0_.id as id1_0_, prodotto0_.descrizione as descrizi2_0_, prodotto0_.prezzo as prezzo3_0_ from prodotto prodotto0_
2021-02-16 08:54:09.436 DEBUG 6180 --- [http-nio-8080-exec-3] org.hibernate.SQL                        : select prodotto0_.id as id1_0_, prodotto0_.descrizione as descrizi2_0_, prodotto0_.prezzo as prezzo3_0_ from prodotto prodotto0_
2021-02-16 08:54:16.621 DEBUG 6180 --- [http-nio-8080-exec-4] org.hibernate.SQL                        : select prodotto0_.id as id1_0_, prodotto0_.descrizione as descrizi2_0_, prodotto0_.prezzo as prezzo3_0_ from prodotto prodotto0_
2021-02-16 08:54:17.317 DEBUG 6180 --- [http-nio-8080-exec-5] org.hibernate.SQL                        : select prodotto0_.id as id1_0_, prodotto0_.descrizione as descrizi2_0_, prodotto0_.prezzo as prezzo3_0_ from prodotto prodotto0_
2021-02-16 08:54:17.804 DEBUG 6180 --- [http-nio-8080-exec-6] org.hibernate.SQL                        : select prodotto0_.id as id1_0_, prodotto0_.descrizione as descrizi2_0_, prodotto0_.prezzo as prezzo3_0_ from prodotto prodotto0_
2021-02-16 08:54:17.954 DEBUG 6180 --- [http-nio-8080-exec-7] org.hibernate.SQL                        : select prodotto0_.id as id1_0_, prodotto0_.descrizione as descrizi2_0_, prodotto0_.prezzo as prezzo3_0_ from prodotto prodotto0_
2021-02-16 08:54:24.107 DEBUG 6180 --- [http-nio-8080-exec-9] org.hibernate.SQL                        : select prodotto0_.id as id1_0_0_, prodotto0_.descrizione as descrizi2_0_0_, prodotto0_.prezzo as prezzo3_0_0_ from prodotto prodotto0_ where prodotto0_.id=?
2021-02-16 08:54:24.108 TRACE 6180 --- [http-nio-8080-exec-9] o.h.type.descriptor.sql.BasicBinder      : binding parameter [1] as [BIGINT] - [1]
2021-02-16 08:54:24.127 DEBUG 6180 --- [http-nio-8080-exec-9] org.hibernate.SQL                        : delete from prodotto where id=?
2021-02-16 08:54:24.128 TRACE 6180 --- [http-nio-8080-exec-9] o.h.type.descriptor.sql.BasicBinder      : binding parameter [1] as [BIGINT] - [1]
2021-02-16 08:54:24.137 DEBUG 6180 --- [http-nio-8080-exec-9] org.hibernate.SQL                        : select prodotto0_.id as id1_0_, prodotto0_.descrizione as descrizi2_0_, prodotto0_.prezzo as prezzo3_0_ from prodotto prodotto0_
2021-02-16 08:54:24.141 DEBUG 6180 --- [http-nio-8080-exec-9] org.hibernate.SQL                        : select prodotto0_.id as id1_0_, prodotto0_.descrizione as descrizi2_0_, prodotto0_.prezzo as prezzo3_0_ from prodotto prodotto0_
